<?xml version="1.0" encoding="UTF-8"?>
<testsuite xmlns:xsi="http://www.w3.org/2001/XMLSchema-instance" xsi:noNamespaceSchemaLocation="https://maven.apache.org/surefire/maven-surefire-plugin/xsd/surefire-test-report-3.0.xsd" version="3.0" name="TestSuite" time="24.607" tests="3" errors="0" skipped="0" failures="0">
  <properties>
    <property name="sun.desktop" value="gnome"/>
    <property name="awt.toolkit" value="sun.awt.X11.XToolkit"/>
    <property name="file.encoding.pkg" value="sun.io"/>
    <property name="java.specification.version" value="1.8"/>
    <property name="webdriver.chrome.driver" value="/home/anurag/eclipse-workspace/dataDriven/src/test/resources/executables/chromedriver"/>
    <property name="sun.cpu.isalist" value=""/>
    <property name="sun.jnu.encoding" value="UTF-8"/>
    <property name="java.class.path" value="/home/anurag/eclipse-workspace/dataDriven/target/test-classes:/home/anurag/eclipse-workspace/dataDriven/target/classes:/home/anurag/.m2/repository/com/relevantcodes/extentreports/2.41.2/extentreports-2.41.2.jar:/home/anurag/.m2/repository/org/jsoup/jsoup/1.8.3/jsoup-1.8.3.jar:/home/anurag/.m2/repository/org/xerial/sqlite-jdbc/3.8.11.1/sqlite-jdbc-3.8.11.1.jar:/home/anurag/.m2/repository/org/freemarker/freemarker/2.3.23/freemarker-2.3.23.jar:/home/anurag/.m2/repository/org/mongodb/mongodb-driver/3.0.4/mongodb-driver-3.0.4.jar:/home/anurag/.m2/repository/org/mongodb/bson/3.0.4/bson-3.0.4.jar:/home/anurag/.m2/repository/org/mongodb/mongodb-driver-core/3.0.4/mongodb-driver-core-3.0.4.jar:/home/anurag/.m2/repository/org/uncommons/reportng/1.1.4/reportng-1.1.4.jar:/home/anurag/.m2/repository/org/testng/testng/7.1.0/testng-7.1.0.jar:/home/anurag/.m2/repository/com/beust/jcommander/1.72/jcommander-1.72.jar:/home/anurag/.m2/repository/com/google/inject/guice/4.1.0/guice-4.1.0-no_aop.jar:/home/anurag/.m2/repository/org/yaml/snakeyaml/1.21/snakeyaml-1.21.jar:/home/anurag/.m2/repository/velocity/velocity/1.4/velocity-1.4.jar:/home/anurag/.m2/repository/velocity/velocity-dep/1.4/velocity-dep-1.4.jar:/home/anurag/.m2/repository/com/google/inject/guice/4.2.2/guice-4.2.2.jar:/home/anurag/.m2/repository/javax/inject/javax.inject/1/javax.inject-1.jar:/home/anurag/.m2/repository/aopalliance/aopalliance/1.0/aopalliance-1.0.jar:/home/anurag/.m2/repository/javax/mail/mail/1.4.7/mail-1.4.7.jar:/home/anurag/.m2/repository/javax/activation/activation/1.1/activation-1.1.jar:/home/anurag/.m2/repository/log4j/log4j/1.2.17/log4j-1.2.17.jar:/home/anurag/.m2/repository/mysql/mysql-connector-java/8.0.19/mysql-connector-java-8.0.19.jar:/home/anurag/.m2/repository/com/google/protobuf/protobuf-java/3.6.1/protobuf-java-3.6.1.jar:/home/anurag/.m2/repository/org/seleniumhq/selenium/selenium-java/3.8.1/selenium-java-3.8.1.jar:/home/anurag/.m2/repository/org/seleniumhq/selenium/selenium-api/3.8.1/selenium-api-3.8.1.jar:/home/anurag/.m2/repository/org/seleniumhq/selenium/selenium-chrome-driver/3.8.1/selenium-chrome-driver-3.8.1.jar:/home/anurag/.m2/repository/org/seleniumhq/selenium/selenium-edge-driver/3.8.1/selenium-edge-driver-3.8.1.jar:/home/anurag/.m2/repository/org/seleniumhq/selenium/selenium-firefox-driver/3.8.1/selenium-firefox-driver-3.8.1.jar:/home/anurag/.m2/repository/org/seleniumhq/selenium/selenium-ie-driver/3.8.1/selenium-ie-driver-3.8.1.jar:/home/anurag/.m2/repository/org/seleniumhq/selenium/selenium-opera-driver/3.8.1/selenium-opera-driver-3.8.1.jar:/home/anurag/.m2/repository/org/seleniumhq/selenium/selenium-remote-driver/3.8.1/selenium-remote-driver-3.8.1.jar:/home/anurag/.m2/repository/org/seleniumhq/selenium/selenium-safari-driver/3.8.1/selenium-safari-driver-3.8.1.jar:/home/anurag/.m2/repository/org/seleniumhq/selenium/selenium-support/3.8.1/selenium-support-3.8.1.jar:/home/anurag/.m2/repository/net/bytebuddy/byte-buddy/1.7.5/byte-buddy-1.7.5.jar:/home/anurag/.m2/repository/org/apache/commons/commons-exec/1.3/commons-exec-1.3.jar:/home/anurag/.m2/repository/commons-codec/commons-codec/1.10/commons-codec-1.10.jar:/home/anurag/.m2/repository/commons-logging/commons-logging/1.2/commons-logging-1.2.jar:/home/anurag/.m2/repository/com/google/code/gson/gson/2.8.2/gson-2.8.2.jar:/home/anurag/.m2/repository/org/apache/httpcomponents/httpclient/4.5.3/httpclient-4.5.3.jar:/home/anurag/.m2/repository/org/apache/httpcomponents/httpcore/4.4.6/httpcore-4.4.6.jar:/home/anurag/.m2/repository/com/google/guava/guava/28.2-jre/guava-28.2-jre.jar:/home/anurag/.m2/repository/com/google/guava/failureaccess/1.0.1/failureaccess-1.0.1.jar:/home/anurag/.m2/repository/com/google/guava/listenablefuture/9999.0-empty-to-avoid-conflict-with-guava/listenablefuture-9999.0-empty-to-avoid-conflict-with-guava.jar:/home/anurag/.m2/repository/com/google/code/findbugs/jsr305/3.0.2/jsr305-3.0.2.jar:/home/anurag/.m2/repository/org/checkerframework/checker-qual/2.10.0/checker-qual-2.10.0.jar:/home/anurag/.m2/repository/com/google/errorprone/error_prone_annotations/2.3.4/error_prone_annotations-2.3.4.jar:/home/anurag/.m2/repository/com/google/j2objc/j2objc-annotations/1.3/j2objc-annotations-1.3.jar:/home/anurag/.m2/repository/org/apache/poi/poi/4.1.1/poi-4.1.1.jar:/home/anurag/.m2/repository/org/apache/commons/commons-collections4/4.4/commons-collections4-4.4.jar:/home/anurag/.m2/repository/org/apache/commons/commons-math3/3.6.1/commons-math3-3.6.1.jar:/home/anurag/.m2/repository/org/apache/poi/poi-ooxml/4.1.1/poi-ooxml-4.1.1.jar:/home/anurag/.m2/repository/org/apache/commons/commons-compress/1.19/commons-compress-1.19.jar:/home/anurag/.m2/repository/com/github/virtuald/curvesapi/1.06/curvesapi-1.06.jar:/home/anurag/.m2/repository/org/apache/xmlbeans/xmlbeans/3.0.2/xmlbeans-3.0.2.jar:/home/anurag/.m2/repository/dom4j/dom4j/1.6.1/dom4j-1.6.1.jar:/home/anurag/.m2/repository/xml-apis/xml-apis/1.0.b2/xml-apis-1.0.b2.jar:/home/anurag/.m2/repository/org/apache/poi/poi-ooxml-schemas/4.1.1/poi-ooxml-schemas-4.1.1.jar:/home/anurag/.m2/repository/commons-io/commons-io/2.6/commons-io-2.6.jar:"/>
    <property name="org.uncommons.reportng.escape-output" value="false"/>
    <property name="java.vm.vendor" value="Private Build"/>
    <property name="sun.arch.data.model" value="64"/>
    <property name="java.vendor.url" value="http://java.oracle.com/"/>
    <property name="user.timezone" value="Asia/Kolkata"/>
    <property name="java.vm.specification.version" value="1.8"/>
    <property name="os.name" value="Linux"/>
    <property name="user.country" value="US"/>
    <property name="sun.java.launcher" value="SUN_STANDARD"/>
    <property name="sun.boot.library.path" value="/usr/lib/jvm/java-8-openjdk-amd64/jre/lib/amd64"/>
    <property name="sun.java.command" value="/home/anurag/eclipse-workspace/dataDriven/target/surefire/surefirebooter7065932752972570997.jar /home/anurag/eclipse-workspace/dataDriven/target/surefire 2020-05-12T03-31-38_351-jvmRun1 surefire6263403531182708778tmp surefire_01182870084377474960tmp"/>
    <property name="surefire.test.class.path" value="/home/anurag/eclipse-workspace/dataDriven/target/test-classes:/home/anurag/eclipse-workspace/dataDriven/target/classes:/home/anurag/.m2/repository/com/relevantcodes/extentreports/2.41.2/extentreports-2.41.2.jar:/home/anurag/.m2/repository/org/jsoup/jsoup/1.8.3/jsoup-1.8.3.jar:/home/anurag/.m2/repository/org/xerial/sqlite-jdbc/3.8.11.1/sqlite-jdbc-3.8.11.1.jar:/home/anurag/.m2/repository/org/freemarker/freemarker/2.3.23/freemarker-2.3.23.jar:/home/anurag/.m2/repository/org/mongodb/mongodb-driver/3.0.4/mongodb-driver-3.0.4.jar:/home/anurag/.m2/repository/org/mongodb/bson/3.0.4/bson-3.0.4.jar:/home/anurag/.m2/repository/org/mongodb/mongodb-driver-core/3.0.4/mongodb-driver-core-3.0.4.jar:/home/anurag/.m2/repository/org/uncommons/reportng/1.1.4/reportng-1.1.4.jar:/home/anurag/.m2/repository/org/testng/testng/7.1.0/testng-7.1.0.jar:/home/anurag/.m2/repository/com/beust/jcommander/1.72/jcommander-1.72.jar:/home/anurag/.m2/repository/com/google/inject/guice/4.1.0/guice-4.1.0-no_aop.jar:/home/anurag/.m2/repository/org/yaml/snakeyaml/1.21/snakeyaml-1.21.jar:/home/anurag/.m2/repository/velocity/velocity/1.4/velocity-1.4.jar:/home/anurag/.m2/repository/velocity/velocity-dep/1.4/velocity-dep-1.4.jar:/home/anurag/.m2/repository/com/google/inject/guice/4.2.2/guice-4.2.2.jar:/home/anurag/.m2/repository/javax/inject/javax.inject/1/javax.inject-1.jar:/home/anurag/.m2/repository/aopalliance/aopalliance/1.0/aopalliance-1.0.jar:/home/anurag/.m2/repository/javax/mail/mail/1.4.7/mail-1.4.7.jar:/home/anurag/.m2/repository/javax/activation/activation/1.1/activation-1.1.jar:/home/anurag/.m2/repository/log4j/log4j/1.2.17/log4j-1.2.17.jar:/home/anurag/.m2/repository/mysql/mysql-connector-java/8.0.19/mysql-connector-java-8.0.19.jar:/home/anurag/.m2/repository/com/google/protobuf/protobuf-java/3.6.1/protobuf-java-3.6.1.jar:/home/anurag/.m2/repository/org/seleniumhq/selenium/selenium-java/3.8.1/selenium-java-3.8.1.jar:/home/anurag/.m2/repository/org/seleniumhq/selenium/selenium-api/3.8.1/selenium-api-3.8.1.jar:/home/anurag/.m2/repository/org/seleniumhq/selenium/selenium-chrome-driver/3.8.1/selenium-chrome-driver-3.8.1.jar:/home/anurag/.m2/repository/org/seleniumhq/selenium/selenium-edge-driver/3.8.1/selenium-edge-driver-3.8.1.jar:/home/anurag/.m2/repository/org/seleniumhq/selenium/selenium-firefox-driver/3.8.1/selenium-firefox-driver-3.8.1.jar:/home/anurag/.m2/repository/org/seleniumhq/selenium/selenium-ie-driver/3.8.1/selenium-ie-driver-3.8.1.jar:/home/anurag/.m2/repository/org/seleniumhq/selenium/selenium-opera-driver/3.8.1/selenium-opera-driver-3.8.1.jar:/home/anurag/.m2/repository/org/seleniumhq/selenium/selenium-remote-driver/3.8.1/selenium-remote-driver-3.8.1.jar:/home/anurag/.m2/repository/org/seleniumhq/selenium/selenium-safari-driver/3.8.1/selenium-safari-driver-3.8.1.jar:/home/anurag/.m2/repository/org/seleniumhq/selenium/selenium-support/3.8.1/selenium-support-3.8.1.jar:/home/anurag/.m2/repository/net/bytebuddy/byte-buddy/1.7.5/byte-buddy-1.7.5.jar:/home/anurag/.m2/repository/org/apache/commons/commons-exec/1.3/commons-exec-1.3.jar:/home/anurag/.m2/repository/commons-codec/commons-codec/1.10/commons-codec-1.10.jar:/home/anurag/.m2/repository/commons-logging/commons-logging/1.2/commons-logging-1.2.jar:/home/anurag/.m2/repository/com/google/code/gson/gson/2.8.2/gson-2.8.2.jar:/home/anurag/.m2/repository/org/apache/httpcomponents/httpclient/4.5.3/httpclient-4.5.3.jar:/home/anurag/.m2/repository/org/apache/httpcomponents/httpcore/4.4.6/httpcore-4.4.6.jar:/home/anurag/.m2/repository/com/google/guava/guava/28.2-jre/guava-28.2-jre.jar:/home/anurag/.m2/repository/com/google/guava/failureaccess/1.0.1/failureaccess-1.0.1.jar:/home/anurag/.m2/repository/com/google/guava/listenablefuture/9999.0-empty-to-avoid-conflict-with-guava/listenablefuture-9999.0-empty-to-avoid-conflict-with-guava.jar:/home/anurag/.m2/repository/com/google/code/findbugs/jsr305/3.0.2/jsr305-3.0.2.jar:/home/anurag/.m2/repository/org/checkerframework/checker-qual/2.10.0/checker-qual-2.10.0.jar:/home/anurag/.m2/repository/com/google/errorprone/error_prone_annotations/2.3.4/error_prone_annotations-2.3.4.jar:/home/anurag/.m2/repository/com/google/j2objc/j2objc-annotations/1.3/j2objc-annotations-1.3.jar:/home/anurag/.m2/repository/org/apache/poi/poi/4.1.1/poi-4.1.1.jar:/home/anurag/.m2/repository/org/apache/commons/commons-collections4/4.4/commons-collections4-4.4.jar:/home/anurag/.m2/repository/org/apache/commons/commons-math3/3.6.1/commons-math3-3.6.1.jar:/home/anurag/.m2/repository/org/apache/poi/poi-ooxml/4.1.1/poi-ooxml-4.1.1.jar:/home/anurag/.m2/repository/org/apache/commons/commons-compress/1.19/commons-compress-1.19.jar:/home/anurag/.m2/repository/com/github/virtuald/curvesapi/1.06/curvesapi-1.06.jar:/home/anurag/.m2/repository/org/apache/xmlbeans/xmlbeans/3.0.2/xmlbeans-3.0.2.jar:/home/anurag/.m2/repository/dom4j/dom4j/1.6.1/dom4j-1.6.1.jar:/home/anurag/.m2/repository/xml-apis/xml-apis/1.0.b2/xml-apis-1.0.b2.jar:/home/anurag/.m2/repository/org/apache/poi/poi-ooxml-schemas/4.1.1/poi-ooxml-schemas-4.1.1.jar:/home/anurag/.m2/repository/commons-io/commons-io/2.6/commons-io-2.6.jar:"/>
    <property name="sun.cpu.endian" value="little"/>
    <property name="user.home" value="/home/anurag"/>
    <property name="user.language" value="en"/>
    <property name="java.specification.vendor" value="Oracle Corporation"/>
    <property name="java.home" value="/usr/lib/jvm/java-8-openjdk-amd64/jre"/>
    <property name="basedir" value="/home/anurag/eclipse-workspace/dataDriven"/>
    <property name="file.separator" value="/"/>
    <property name="line.separator" value="&#10;"/>
    <property name="java.vm.specification.vendor" value="Oracle Corporation"/>
    <property name="java.specification.name" value="Java Platform API Specification"/>
    <property name="java.awt.graphicsenv" value="sun.awt.X11GraphicsEnvironment"/>
    <property name="surefire.real.class.path" value="/home/anurag/eclipse-workspace/dataDriven/target/surefire/surefirebooter7065932752972570997.jar"/>
    <property name="sun.boot.class.path" value="/usr/lib/jvm/java-8-openjdk-amd64/jre/lib/resources.jar:/usr/lib/jvm/java-8-openjdk-amd64/jre/lib/rt.jar:/usr/lib/jvm/java-8-openjdk-amd64/jre/lib/sunrsasign.jar:/usr/lib/jvm/java-8-openjdk-amd64/jre/lib/jsse.jar:/usr/lib/jvm/java-8-openjdk-amd64/jre/lib/jce.jar:/usr/lib/jvm/java-8-openjdk-amd64/jre/lib/charsets.jar:/usr/lib/jvm/java-8-openjdk-amd64/jre/lib/jfr.jar:/usr/lib/jvm/java-8-openjdk-amd64/jre/classes"/>
    <property name="sun.management.compiler" value="HotSpot 64-Bit Tiered Compilers"/>
    <property name="java.runtime.version" value="1.8.0_252-8u252-b09-1~16.04-b09"/>
    <property name="user.name" value="anurag"/>
    <property name="path.separator" value=":"/>
    <property name="os.version" value="4.15.0-99-generic"/>
    <property name="java.endorsed.dirs" value="/usr/lib/jvm/java-8-openjdk-amd64/jre/lib/endorsed"/>
    <property name="java.runtime.name" value="OpenJDK Runtime Environment"/>
    <property name="file.encoding" value="UTF-8"/>
    <property name="java.vm.name" value="OpenJDK 64-Bit Server VM"/>
    <property name="localRepository" value="/home/anurag/.m2/repository"/>
    <property name="java.vendor.url.bug" value="http://bugreport.sun.com/bugreport/"/>
    <property name="java.io.tmpdir" value="/tmp"/>
    <property name="java.version" value="1.8.0_252"/>
    <property name="user.dir" value="/home/anurag/eclipse-workspace/dataDriven"/>
    <property name="os.arch" value="amd64"/>
    <property name="java.vm.specification.name" value="Java Virtual Machine Specification"/>
    <property name="java.awt.printerjob" value="sun.print.PSPrinterJob"/>
    <property name="sun.os.patch.level" value="unknown"/>
    <property name="java.library.path" value="/usr/java/packages/lib/amd64:/usr/lib/x86_64-linux-gnu/jni:/lib/x86_64-linux-gnu:/usr/lib/x86_64-linux-gnu:/usr/lib/jni:/lib:/usr/lib"/>
    <property name="java.vm.info" value="mixed mode"/>
    <property name="java.vendor" value="Private Build"/>
    <property name="java.vm.version" value="25.252-b09"/>
    <property name="java.ext.dirs" value="/usr/lib/jvm/java-8-openjdk-amd64/jre/lib/ext:/usr/java/packages/lib/ext"/>
    <property name="sun.io.unicode.encoding" value="UnicodeLittle"/>
    <property name="java.class.version" value="52.0"/>
  </properties>
  <testcase name="userLogin" classname="com.CN.testcases.Hotel" time="1.336"/>
  <testcase name="bus" classname="com.CN.testcases.Bus" time="2.68"/>
  <testcase name="cab" classname="com.CN.testcases.Cab" time="2.952"/>
</testsuite>