<?xml version="1.0" encoding="UTF-8"?>
<testsuite xmlns:xsi="http://www.w3.org/2001/XMLSchema-instance" xsi:noNamespaceSchemaLocation="https://maven.apache.org/surefire/maven-surefire-plugin/xsd/surefire-test-report-3.0.xsd" version="3.0" name="TestSuite" time="39.611" tests="3" errors="0" skipped="1" failures="0">
  <properties>
    <property name="sun.desktop" value="gnome"/>
    <property name="awt.toolkit" value="sun.awt.X11.XToolkit"/>
    <property name="file.encoding.pkg" value="sun.io"/>
    <property name="java.specification.version" value="1.8"/>
    <property name="webdriver.chrome.driver" value="/home/anurag/eclipse-workspace/dataDriven/src/test/resources/executables/chromedriver"/>
    <property name="sun.cpu.isalist" value=""/>
    <property name="sun.jnu.encoding" value="UTF-8"/>
    <property name="java.class.path" value="/home/anurag/eclipse-workspace/dataDriven/target/test-classes:/home/anurag/eclipse-workspace/dataDriven/target/classes:/home/anurag/.m2/repository/com/relevantcodes/extentreports/2.41.2/extentreports-2.41.2.jar:/home/anurag/.m2/repository/org/jsoup/jsoup/1.8.3/jsoup-1.8.3.jar:/home/anurag/.m2/repository/org/xerial/sqlite-jdbc/3.8.11.1/sqlite-jdbc-3.8.11.1.jar:/home/anurag/.m2/repository/org/freemarker/freemarker/2.3.23/freemarker-2.3.23.jar:/home/anurag/.m2/repository/org/mongodb/mongodb-driver/3.0.4/mongodb-driver-3.0.4.jar:/home/anurag/.m2/repository/org/mongodb/bson/3.0.4/bson-3.0.4.jar:/home/anurag/.m2/repository/org/mongodb/mongodb-driver-core/3.0.4/mongodb-driver-core-3.0.4.jar:/home/anurag/.m2/repository/org/uncommons/reportng/1.1.4/reportng-1.1.4.jar:/home/anurag/.m2/repository/org/testng/testng/7.1.0/testng-7.1.0.jar:/home/anurag/.m2/repository/com/beust/jcommander/1.72/jcommander-1.72.jar:/home/anurag/.m2/repository/com/google/inject/guice/4.1.0/guice-4.1.0-no_aop.jar:/home/anurag/.m2/repository/org/yaml/snakeyaml/1.21/snakeyaml-1.21.jar:/home/anurag/.m2/repository/velocity/velocity/1.4/velocity-1.4.jar:/home/anurag/.m2/repository/velocity/velocity-dep/1.4/velocity-dep-1.4.jar:/home/anurag/.m2/repository/com/google/inject/guice/4.2.2/guice-4.2.2.jar:/home/anurag/.m2/repository/javax/inject/javax.inject/1/javax.inject-1.jar:/home/anurag/.m2/repository/aopalliance/aopalliance/1.0/aopalliance-1.0.jar:/home/anurag/.m2/repository/javax/mail/mail/1.4.7/mail-1.4.7.jar:/home/anurag/.m2/repository/javax/activation/activation/1.1/activation-1.1.jar:/home/anurag/.m2/repository/log4j/log4j/1.2.17/log4j-1.2.17.jar:/home/anurag/.m2/repository/mysql/mysql-connector-java/8.0.19/mysql-connector-java-8.0.19.jar:/home/anurag/.m2/repository/com/google/protobuf/protobuf-java/3.6.1/protobuf-java-3.6.1.jar:/home/anurag/.m2/repository/org/seleniumhq/selenium/selenium-java/3.8.1/selenium-java-3.8.1.jar:/home/anurag/.m2/repository/org/seleniumhq/selenium/selenium-api/3.8.1/selenium-api-3.8.1.jar:/home/anurag/.m2/repository/org/seleniumhq/selenium/selenium-chrome-driver/3.8.1/selenium-chrome-driver-3.8.1.jar:/home/anurag/.m2/repository/org/seleniumhq/selenium/selenium-edge-driver/3.8.1/selenium-edge-driver-3.8.1.jar:/home/anurag/.m2/repository/org/seleniumhq/selenium/selenium-firefox-driver/3.8.1/selenium-firefox-driver-3.8.1.jar:/home/anurag/.m2/repository/org/seleniumhq/selenium/selenium-ie-driver/3.8.1/selenium-ie-driver-3.8.1.jar:/home/anurag/.m2/repository/org/seleniumhq/selenium/selenium-opera-driver/3.8.1/selenium-opera-driver-3.8.1.jar:/home/anurag/.m2/repository/org/seleniumhq/selenium/selenium-remote-driver/3.8.1/selenium-remote-driver-3.8.1.jar:/home/anurag/.m2/repository/org/seleniumhq/selenium/selenium-safari-driver/3.8.1/selenium-safari-driver-3.8.1.jar:/home/anurag/.m2/repository/org/seleniumhq/selenium/selenium-support/3.8.1/selenium-support-3.8.1.jar:/home/anurag/.m2/repository/net/bytebuddy/byte-buddy/1.7.5/byte-buddy-1.7.5.jar:/home/anurag/.m2/repository/org/apache/commons/commons-exec/1.3/commons-exec-1.3.jar:/home/anurag/.m2/repository/commons-codec/commons-codec/1.10/commons-codec-1.10.jar:/home/anurag/.m2/repository/commons-logging/commons-logging/1.2/commons-logging-1.2.jar:/home/anurag/.m2/repository/com/google/code/gson/gson/2.8.2/gson-2.8.2.jar:/home/anurag/.m2/repository/org/apache/httpcomponents/httpclient/4.5.3/httpclient-4.5.3.jar:/home/anurag/.m2/repository/org/apache/httpcomponents/httpcore/4.4.6/httpcore-4.4.6.jar:/home/anurag/.m2/repository/com/google/guava/guava/28.2-jre/guava-28.2-jre.jar:/home/anurag/.m2/repository/com/google/guava/failureaccess/1.0.1/failureaccess-1.0.1.jar:/home/anurag/.m2/repository/com/google/guava/listenablefuture/9999.0-empty-to-avoid-conflict-with-guava/listenablefuture-9999.0-empty-to-avoid-conflict-with-guava.jar:/home/anurag/.m2/repository/com/google/code/findbugs/jsr305/3.0.2/jsr305-3.0.2.jar:/home/anurag/.m2/repository/org/checkerframework/checker-qual/2.10.0/checker-qual-2.10.0.jar:/home/anurag/.m2/repository/com/google/errorprone/error_prone_annotations/2.3.4/error_prone_annotations-2.3.4.jar:/home/anurag/.m2/repository/com/google/j2objc/j2objc-annotations/1.3/j2objc-annotations-1.3.jar:/home/anurag/.m2/repository/org/apache/poi/poi/4.1.1/poi-4.1.1.jar:/home/anurag/.m2/repository/org/apache/commons/commons-collections4/4.4/commons-collections4-4.4.jar:/home/anurag/.m2/repository/org/apache/commons/commons-math3/3.6.1/commons-math3-3.6.1.jar:/home/anurag/.m2/repository/org/apache/poi/poi-ooxml/4.1.1/poi-ooxml-4.1.1.jar:/home/anurag/.m2/repository/org/apache/commons/commons-compress/1.19/commons-compress-1.19.jar:/home/anurag/.m2/repository/com/github/virtuald/curvesapi/1.06/curvesapi-1.06.jar:/home/anurag/.m2/repository/org/apache/xmlbeans/xmlbeans/3.0.2/xmlbeans-3.0.2.jar:/home/anurag/.m2/repository/dom4j/dom4j/1.6.1/dom4j-1.6.1.jar:/home/anurag/.m2/repository/xml-apis/xml-apis/1.0.b2/xml-apis-1.0.b2.jar:/home/anurag/.m2/repository/org/apache/poi/poi-ooxml-schemas/4.1.1/poi-ooxml-schemas-4.1.1.jar:/home/anurag/.m2/repository/commons-io/commons-io/2.6/commons-io-2.6.jar:"/>
    <property name="org.uncommons.reportng.escape-output" value="false"/>
    <property name="java.vm.vendor" value="Private Build"/>
    <property name="sun.arch.data.model" value="64"/>
    <property name="java.vendor.url" value="http://java.oracle.com/"/>
    <property name="user.timezone" value="Asia/Kolkata"/>
    <property name="java.vm.specification.version" value="1.8"/>
    <property name="os.name" value="Linux"/>
    <property name="user.country" value="US"/>
    <property name="sun.java.launcher" value="SUN_STANDARD"/>
    <property name="sun.boot.library.path" value="/usr/lib/jvm/java-8-openjdk-amd64/jre/lib/amd64"/>
    <property name="sun.java.command" value="/home/anurag/eclipse-workspace/dataDriven/target/surefire/surefirebooter3674556779688907864.jar /home/anurag/eclipse-workspace/dataDriven/target/surefire 2020-05-25T02-39-53_612-jvmRun1 surefire8819176043856424890tmp surefire_02723631801460438173tmp"/>
    <property name="surefire.test.class.path" value="/home/anurag/eclipse-workspace/dataDriven/target/test-classes:/home/anurag/eclipse-workspace/dataDriven/target/classes:/home/anurag/.m2/repository/com/relevantcodes/extentreports/2.41.2/extentreports-2.41.2.jar:/home/anurag/.m2/repository/org/jsoup/jsoup/1.8.3/jsoup-1.8.3.jar:/home/anurag/.m2/repository/org/xerial/sqlite-jdbc/3.8.11.1/sqlite-jdbc-3.8.11.1.jar:/home/anurag/.m2/repository/org/freemarker/freemarker/2.3.23/freemarker-2.3.23.jar:/home/anurag/.m2/repository/org/mongodb/mongodb-driver/3.0.4/mongodb-driver-3.0.4.jar:/home/anurag/.m2/repository/org/mongodb/bson/3.0.4/bson-3.0.4.jar:/home/anurag/.m2/repository/org/mongodb/mongodb-driver-core/3.0.4/mongodb-driver-core-3.0.4.jar:/home/anurag/.m2/repository/org/uncommons/reportng/1.1.4/reportng-1.1.4.jar:/home/anurag/.m2/repository/org/testng/testng/7.1.0/testng-7.1.0.jar:/home/anurag/.m2/repository/com/beust/jcommander/1.72/jcommander-1.72.jar:/home/anurag/.m2/repository/com/google/inject/guice/4.1.0/guice-4.1.0-no_aop.jar:/home/anurag/.m2/repository/org/yaml/snakeyaml/1.21/snakeyaml-1.21.jar:/home/anurag/.m2/repository/velocity/velocity/1.4/velocity-1.4.jar:/home/anurag/.m2/repository/velocity/velocity-dep/1.4/velocity-dep-1.4.jar:/home/anurag/.m2/repository/com/google/inject/guice/4.2.2/guice-4.2.2.jar:/home/anurag/.m2/repository/javax/inject/javax.inject/1/javax.inject-1.jar:/home/anurag/.m2/repository/aopalliance/aopalliance/1.0/aopalliance-1.0.jar:/home/anurag/.m2/repository/javax/mail/mail/1.4.7/mail-1.4.7.jar:/home/anurag/.m2/repository/javax/activation/activation/1.1/activation-1.1.jar:/home/anurag/.m2/repository/log4j/log4j/1.2.17/log4j-1.2.17.jar:/home/anurag/.m2/repository/mysql/mysql-connector-java/8.0.19/mysql-connector-java-8.0.19.jar:/home/anurag/.m2/repository/com/google/protobuf/protobuf-java/3.6.1/protobuf-java-3.6.1.jar:/home/anurag/.m2/repository/org/seleniumhq/selenium/selenium-java/3.8.1/selenium-java-3.8.1.jar:/home/anurag/.m2/repository/org/seleniumhq/selenium/selenium-api/3.8.1/selenium-api-3.8.1.jar:/home/anurag/.m2/repository/org/seleniumhq/selenium/selenium-chrome-driver/3.8.1/selenium-chrome-driver-3.8.1.jar:/home/anurag/.m2/repository/org/seleniumhq/selenium/selenium-edge-driver/3.8.1/selenium-edge-driver-3.8.1.jar:/home/anurag/.m2/repository/org/seleniumhq/selenium/selenium-firefox-driver/3.8.1/selenium-firefox-driver-3.8.1.jar:/home/anurag/.m2/repository/org/seleniumhq/selenium/selenium-ie-driver/3.8.1/selenium-ie-driver-3.8.1.jar:/home/anurag/.m2/repository/org/seleniumhq/selenium/selenium-opera-driver/3.8.1/selenium-opera-driver-3.8.1.jar:/home/anurag/.m2/repository/org/seleniumhq/selenium/selenium-remote-driver/3.8.1/selenium-remote-driver-3.8.1.jar:/home/anurag/.m2/repository/org/seleniumhq/selenium/selenium-safari-driver/3.8.1/selenium-safari-driver-3.8.1.jar:/home/anurag/.m2/repository/org/seleniumhq/selenium/selenium-support/3.8.1/selenium-support-3.8.1.jar:/home/anurag/.m2/repository/net/bytebuddy/byte-buddy/1.7.5/byte-buddy-1.7.5.jar:/home/anurag/.m2/repository/org/apache/commons/commons-exec/1.3/commons-exec-1.3.jar:/home/anurag/.m2/repository/commons-codec/commons-codec/1.10/commons-codec-1.10.jar:/home/anurag/.m2/repository/commons-logging/commons-logging/1.2/commons-logging-1.2.jar:/home/anurag/.m2/repository/com/google/code/gson/gson/2.8.2/gson-2.8.2.jar:/home/anurag/.m2/repository/org/apache/httpcomponents/httpclient/4.5.3/httpclient-4.5.3.jar:/home/anurag/.m2/repository/org/apache/httpcomponents/httpcore/4.4.6/httpcore-4.4.6.jar:/home/anurag/.m2/repository/com/google/guava/guava/28.2-jre/guava-28.2-jre.jar:/home/anurag/.m2/repository/com/google/guava/failureaccess/1.0.1/failureaccess-1.0.1.jar:/home/anurag/.m2/repository/com/google/guava/listenablefuture/9999.0-empty-to-avoid-conflict-with-guava/listenablefuture-9999.0-empty-to-avoid-conflict-with-guava.jar:/home/anurag/.m2/repository/com/google/code/findbugs/jsr305/3.0.2/jsr305-3.0.2.jar:/home/anurag/.m2/repository/org/checkerframework/checker-qual/2.10.0/checker-qual-2.10.0.jar:/home/anurag/.m2/repository/com/google/errorprone/error_prone_annotations/2.3.4/error_prone_annotations-2.3.4.jar:/home/anurag/.m2/repository/com/google/j2objc/j2objc-annotations/1.3/j2objc-annotations-1.3.jar:/home/anurag/.m2/repository/org/apache/poi/poi/4.1.1/poi-4.1.1.jar:/home/anurag/.m2/repository/org/apache/commons/commons-collections4/4.4/commons-collections4-4.4.jar:/home/anurag/.m2/repository/org/apache/commons/commons-math3/3.6.1/commons-math3-3.6.1.jar:/home/anurag/.m2/repository/org/apache/poi/poi-ooxml/4.1.1/poi-ooxml-4.1.1.jar:/home/anurag/.m2/repository/org/apache/commons/commons-compress/1.19/commons-compress-1.19.jar:/home/anurag/.m2/repository/com/github/virtuald/curvesapi/1.06/curvesapi-1.06.jar:/home/anurag/.m2/repository/org/apache/xmlbeans/xmlbeans/3.0.2/xmlbeans-3.0.2.jar:/home/anurag/.m2/repository/dom4j/dom4j/1.6.1/dom4j-1.6.1.jar:/home/anurag/.m2/repository/xml-apis/xml-apis/1.0.b2/xml-apis-1.0.b2.jar:/home/anurag/.m2/repository/org/apache/poi/poi-ooxml-schemas/4.1.1/poi-ooxml-schemas-4.1.1.jar:/home/anurag/.m2/repository/commons-io/commons-io/2.6/commons-io-2.6.jar:"/>
    <property name="sun.cpu.endian" value="little"/>
    <property name="user.home" value="/home/anurag"/>
    <property name="user.language" value="en"/>
    <property name="java.specification.vendor" value="Oracle Corporation"/>
    <property name="java.home" value="/usr/lib/jvm/java-8-openjdk-amd64/jre"/>
    <property name="basedir" value="/home/anurag/eclipse-workspace/dataDriven"/>
    <property name="file.separator" value="/"/>
    <property name="line.separator" value="&#10;"/>
    <property name="java.vm.specification.vendor" value="Oracle Corporation"/>
    <property name="java.specification.name" value="Java Platform API Specification"/>
    <property name="java.awt.graphicsenv" value="sun.awt.X11GraphicsEnvironment"/>
    <property name="surefire.real.class.path" value="/home/anurag/eclipse-workspace/dataDriven/target/surefire/surefirebooter3674556779688907864.jar"/>
    <property name="sun.boot.class.path" value="/usr/lib/jvm/java-8-openjdk-amd64/jre/lib/resources.jar:/usr/lib/jvm/java-8-openjdk-amd64/jre/lib/rt.jar:/usr/lib/jvm/java-8-openjdk-amd64/jre/lib/sunrsasign.jar:/usr/lib/jvm/java-8-openjdk-amd64/jre/lib/jsse.jar:/usr/lib/jvm/java-8-openjdk-amd64/jre/lib/jce.jar:/usr/lib/jvm/java-8-openjdk-amd64/jre/lib/charsets.jar:/usr/lib/jvm/java-8-openjdk-amd64/jre/lib/jfr.jar:/usr/lib/jvm/java-8-openjdk-amd64/jre/classes"/>
    <property name="sun.management.compiler" value="HotSpot 64-Bit Tiered Compilers"/>
    <property name="java.runtime.version" value="1.8.0_252-8u252-b09-1~16.04-b09"/>
    <property name="user.name" value="anurag"/>
    <property name="path.separator" value=":"/>
    <property name="os.version" value="4.15.0-99-generic"/>
    <property name="java.endorsed.dirs" value="/usr/lib/jvm/java-8-openjdk-amd64/jre/lib/endorsed"/>
    <property name="java.runtime.name" value="OpenJDK Runtime Environment"/>
    <property name="file.encoding" value="UTF-8"/>
    <property name="java.vm.name" value="OpenJDK 64-Bit Server VM"/>
    <property name="localRepository" value="/home/anurag/.m2/repository"/>
    <property name="java.vendor.url.bug" value="http://bugreport.sun.com/bugreport/"/>
    <property name="java.io.tmpdir" value="/tmp"/>
    <property name="java.version" value="1.8.0_252"/>
    <property name="user.dir" value="/home/anurag/eclipse-workspace/dataDriven"/>
    <property name="os.arch" value="amd64"/>
    <property name="java.vm.specification.name" value="Java Virtual Machine Specification"/>
    <property name="java.awt.printerjob" value="sun.print.PSPrinterJob"/>
    <property name="sun.os.patch.level" value="unknown"/>
    <property name="java.library.path" value="/usr/java/packages/lib/amd64:/usr/lib/x86_64-linux-gnu/jni:/lib/x86_64-linux-gnu:/usr/lib/x86_64-linux-gnu:/usr/lib/jni:/lib:/usr/lib"/>
    <property name="java.vm.info" value="mixed mode"/>
    <property name="java.vendor" value="Private Build"/>
    <property name="java.vm.version" value="25.252-b09"/>
    <property name="java.ext.dirs" value="/usr/lib/jvm/java-8-openjdk-amd64/jre/lib/ext:/usr/java/packages/lib/ext"/>
    <property name="sun.io.unicode.encoding" value="UnicodeLittle"/>
    <property name="java.class.version" value="52.0"/>
  </properties>
  <testcase name="hotel" classname="com.CN.testcases.Hotel" time="0">
    <skipped message="Skippinng the test"/>
    <system-out><![CDATA[05-25-2020 02:39:56 TestBase.java DEBUG [main] devpinoyLogger 57 - Config file loaded !!!
05-25-2020 02:39:56 TestBase.java DEBUG [main] devpinoyLogger 73 - OR file loaded !!!
05-25-2020 02:39:57 RequestAddCookies.java DEBUG [Forwarding newSession on session null to remote] protocol.RequestAddCookies 123 - CookieSpec selected: default
05-25-2020 02:39:57 RequestAuthCache.java DEBUG [Forwarding newSession on session null to remote] protocol.RequestAuthCache 77 - Auth cache not set in the context
05-25-2020 02:39:57 PoolingHttpClientConnectionManager.java DEBUG [Forwarding newSession on session null to remote] conn.PoolingHttpClientConnectionManager 255 - Connection request: [route: {}->http://localhost:22535][total kept alive: 0; route allocated: 0 of 2000; total allocated: 0 of 2000]
05-25-2020 02:39:57 PoolingHttpClientConnectionManager.java DEBUG [Forwarding newSession on session null to remote] conn.PoolingHttpClientConnectionManager 288 - Connection leased: [id: 0][route: {}->http://localhost:22535][total kept alive: 0; route allocated: 1 of 2000; total allocated: 1 of 2000]
05-25-2020 02:39:57 MainClientExec.java DEBUG [Forwarding newSession on session null to remote] execchain.MainClientExec 235 - Opening connection {}->http://localhost:22535
05-25-2020 02:39:57 DefaultHttpClientConnectionOperator.java DEBUG [Forwarding newSession on session null to remote] conn.DefaultHttpClientConnectionOperator 139 - Connecting to localhost/127.0.0.1:22535
05-25-2020 02:39:57 DefaultHttpClientConnectionOperator.java DEBUG [Forwarding newSession on session null to remote] conn.DefaultHttpClientConnectionOperator 146 - Connection established 127.0.0.1:37676<->127.0.0.1:22535
05-25-2020 02:39:57 LoggingManagedHttpClientConnection.java DEBUG [Forwarding newSession on session null to remote] conn.DefaultManagedHttpClientConnection 88 - http-outgoing-0: set socket timeout to 10800000
05-25-2020 02:39:57 MainClientExec.java DEBUG [Forwarding newSession on session null to remote] execchain.MainClientExec 256 - Executing request POST /session HTTP/1.1
05-25-2020 02:39:57 MainClientExec.java DEBUG [Forwarding newSession on session null to remote] execchain.MainClientExec 261 - Target auth state: UNCHALLENGED
05-25-2020 02:39:57 MainClientExec.java DEBUG [Forwarding newSession on session null to remote] execchain.MainClientExec 267 - Proxy auth state: UNCHALLENGED
05-25-2020 02:39:57 LoggingManagedHttpClientConnection.java DEBUG [Forwarding newSession on session null to remote] http.headers 133 - http-outgoing-0 >> POST /session HTTP/1.1
05-25-2020 02:39:57 LoggingManagedHttpClientConnection.java DEBUG [Forwarding newSession on session null to remote] http.headers 136 - http-outgoing-0 >> Content-Type: application/json; charset=utf-8
05-25-2020 02:39:57 LoggingManagedHttpClientConnection.java DEBUG [Forwarding newSession on session null to remote] http.headers 136 - http-outgoing-0 >> Content-Length: 737
05-25-2020 02:39:57 LoggingManagedHttpClientConnection.java DEBUG [Forwarding newSession on session null to remote] http.headers 136 - http-outgoing-0 >> Host: localhost:22535
05-25-2020 02:39:57 LoggingManagedHttpClientConnection.java DEBUG [Forwarding newSession on session null to remote] http.headers 136 - http-outgoing-0 >> Connection: Keep-Alive
05-25-2020 02:39:57 LoggingManagedHttpClientConnection.java DEBUG [Forwarding newSession on session null to remote] http.headers 136 - http-outgoing-0 >> User-Agent: Apache-HttpClient/4.5.3 (Java/1.8.0_252)
05-25-2020 02:39:57 LoggingManagedHttpClientConnection.java DEBUG [Forwarding newSession on session null to remote] http.headers 136 - http-outgoing-0 >> Accept-Encoding: gzip,deflate
05-25-2020 02:39:57 Wire.java DEBUG [Forwarding newSession on session null to remote] http.wire 73 - http-outgoing-0 >> "POST /session HTTP/1.1[\r][\n]"
05-25-2020 02:39:57 Wire.java DEBUG [Forwarding newSession on session null to remote] http.wire 73 - http-outgoing-0 >> "Content-Type: application/json; charset=utf-8[\r][\n]"
05-25-2020 02:39:57 Wire.java DEBUG [Forwarding newSession on session null to remote] http.wire 73 - http-outgoing-0 >> "Content-Length: 737[\r][\n]"
05-25-2020 02:39:57 Wire.java DEBUG [Forwarding newSession on session null to remote] http.wire 73 - http-outgoing-0 >> "Host: localhost:22535[\r][\n]"
05-25-2020 02:39:57 Wire.java DEBUG [Forwarding newSession on session null to remote] http.wire 73 - http-outgoing-0 >> "Connection: Keep-Alive[\r][\n]"
05-25-2020 02:39:57 Wire.java DEBUG [Forwarding newSession on session null to remote] http.wire 73 - http-outgoing-0 >> "User-Agent: Apache-HttpClient/4.5.3 (Java/1.8.0_252)[\r][\n]"
05-25-2020 02:39:58 Wire.java DEBUG [Forwarding newSession on session null to remote] http.wire 73 - http-outgoing-0 >> "Accept-Encoding: gzip,deflate[\r][\n]"
05-25-2020 02:39:58 Wire.java DEBUG [Forwarding newSession on session null to remote] http.wire 73 - http-outgoing-0 >> "[\r][\n]"
05-25-2020 02:39:58 Wire.java DEBUG [Forwarding newSession on session null to remote] http.wire 73 - http-outgoing-0 >> "{[\n]"
05-25-2020 02:39:58 Wire.java DEBUG [Forwarding newSession on session null to remote] http.wire 73 - http-outgoing-0 >> "  "desiredCapabilities": {"browserName":"chrome","goog:chromeOptions":{"args":["--disable-notifications","disable-infobars","start-maximized","--disable-geolocation","--enable-strict-powerful-feature-restrictions"],"extensions":[]}},[\n]"
05-25-2020 02:39:58 Wire.java DEBUG [Forwarding newSession on session null to remote] http.wire 73 - http-outgoing-0 >> "  "capabilities": {[\n]"
05-25-2020 02:39:58 Wire.java DEBUG [Forwarding newSession on session null to remote] http.wire 73 - http-outgoing-0 >> "    "desiredCapabilities": {"browserName":"chrome","goog:chromeOptions":{"args":["--disable-notifications","disable-infobars","start-maximized","--disable-geolocation","--enable-strict-powerful-feature-restrictions"],"extensions":[]}},[\n]"
05-25-2020 02:39:58 Wire.java DEBUG [Forwarding newSession on session null to remote] http.wire 73 - http-outgoing-0 >> "    "firstMatch": [[\n]"
05-25-2020 02:39:58 Wire.java DEBUG [Forwarding newSession on session null to remote] http.wire 73 - http-outgoing-0 >> "      {"browserName":"chrome","goog:chromeOptions":{"args":["--disable-notifications","disable-infobars","start-maximized","--disable-geolocation","--enable-strict-powerful-feature-restrictions"],"extensions":[]}}[\n]"
05-25-2020 02:39:58 Wire.java DEBUG [Forwarding newSession on session null to remote] http.wire 73 - http-outgoing-0 >> "    ][\n]"
05-25-2020 02:39:58 Wire.java DEBUG [Forwarding newSession on session null to remote] http.wire 73 - http-outgoing-0 >> "  }[\n]"
05-25-2020 02:39:58 Wire.java DEBUG [Forwarding newSession on session null to remote] http.wire 87 - http-outgoing-0 >> "}"
05-25-2020 02:40:00 Wire.java DEBUG [Forwarding newSession on session null to remote] http.wire 73 - http-outgoing-0 << "HTTP/1.1 200 OK[\r][\n]"
05-25-2020 02:40:00 Wire.java DEBUG [Forwarding newSession on session null to remote] http.wire 73 - http-outgoing-0 << "Content-Length:680[\r][\n]"
05-25-2020 02:40:00 Wire.java DEBUG [Forwarding newSession on session null to remote] http.wire 73 - http-outgoing-0 << "Content-Type:application/json; charset=utf-8[\r][\n]"
05-25-2020 02:40:00 Wire.java DEBUG [Forwarding newSession on session null to remote] http.wire 73 - http-outgoing-0 << "cache-control:no-cache[\r][\n]"
05-25-2020 02:40:00 Wire.java DEBUG [Forwarding newSession on session null to remote] http.wire 73 - http-outgoing-0 << "[\r][\n]"
05-25-2020 02:40:00 Wire.java DEBUG [Forwarding newSession on session null to remote] http.wire 87 - http-outgoing-0 << "{"value":{"capabilities":{"acceptInsecureCerts":false,"browserName":"chrome","browserVersion":"81.0.4044.129","chrome":{"chromedriverVersion":"81.0.4044.69 (6813546031a4bc83f717a2ef7cd4ac6ec1199132-refs/branch-heads/4044@{#776})","userDataDir":"/tmp/.com.google.Chrome.5ag6OW"},"goog:chromeOptions":{"debuggerAddress":"localhost:35475"},"networkConnectionEnabled":false,"pageLoadStrategy":"normal","platformName":"linux","proxy":{},"setWindowRect":true,"strictFileInteractability":false,"timeouts":{"implicit":0,"pageLoad":300000,"script":30000},"unhandledPromptBehavior":"dismiss and notify","webauthn:virtualAuthenticators":true},"sessionId":"1a06e357124020da2a85d744e8baf2ae"}}"
05-25-2020 02:40:00 LoggingManagedHttpClientConnection.java DEBUG [Forwarding newSession on session null to remote] http.headers 122 - http-outgoing-0 << HTTP/1.1 200 OK
05-25-2020 02:40:00 LoggingManagedHttpClientConnection.java DEBUG [Forwarding newSession on session null to remote] http.headers 125 - http-outgoing-0 << Content-Length:680
05-25-2020 02:40:00 LoggingManagedHttpClientConnection.java DEBUG [Forwarding newSession on session null to remote] http.headers 125 - http-outgoing-0 << Content-Type:application/json; charset=utf-8
05-25-2020 02:40:00 LoggingManagedHttpClientConnection.java DEBUG [Forwarding newSession on session null to remote] http.headers 125 - http-outgoing-0 << cache-control:no-cache
05-25-2020 02:40:00 MainClientExec.java DEBUG [Forwarding newSession on session null to remote] execchain.MainClientExec 285 - Connection can be kept alive indefinitely
05-25-2020 02:40:00 PoolingHttpClientConnectionManager.java DEBUG [Forwarding newSession on session null to remote] conn.PoolingHttpClientConnectionManager 320 - Connection [id: 0][route: {}->http://localhost:22535] can be kept alive indefinitely
05-25-2020 02:40:00 PoolingHttpClientConnectionManager.java DEBUG [Forwarding newSession on session null to remote] conn.PoolingHttpClientConnectionManager 326 - Connection released: [id: 0][route: {}->http://localhost:22535][total kept alive: 1; route allocated: 1 of 2000; total allocated: 1 of 2000]
05-25-2020 02:40:00 TestBase.java DEBUG [main] devpinoyLogger 89 - Chrome Launched !!!
05-25-2020 02:40:00 RequestAddCookies.java DEBUG [Forwarding get on session 1a06e357124020da2a85d744e8baf2ae to remote] protocol.RequestAddCookies 123 - CookieSpec selected: default
05-25-2020 02:40:00 RequestAuthCache.java DEBUG [Forwarding get on session 1a06e357124020da2a85d744e8baf2ae to remote] protocol.RequestAuthCache 77 - Auth cache not set in the context
05-25-2020 02:40:00 PoolingHttpClientConnectionManager.java DEBUG [Forwarding get on session 1a06e357124020da2a85d744e8baf2ae to remote] conn.PoolingHttpClientConnectionManager 255 - Connection request: [route: {}->http://localhost:22535][total kept alive: 1; route allocated: 1 of 2000; total allocated: 1 of 2000]
05-25-2020 02:40:00 PoolingHttpClientConnectionManager.java DEBUG [Forwarding get on session 1a06e357124020da2a85d744e8baf2ae to remote] conn.PoolingHttpClientConnectionManager 288 - Connection leased: [id: 0][route: {}->http://localhost:22535][total kept alive: 0; route allocated: 1 of 2000; total allocated: 1 of 2000]
05-25-2020 02:40:00 MainClientExec.java DEBUG [Forwarding get on session 1a06e357124020da2a85d744e8baf2ae to remote] execchain.MainClientExec 208 - Stale connection check
05-25-2020 02:40:00 Wire.java DEBUG [Forwarding get on session 1a06e357124020da2a85d744e8baf2ae to remote] http.wire 87 - http-outgoing-0 << "[read] I/O error: Read timed out"
05-25-2020 02:40:00 LoggingManagedHttpClientConnection.java DEBUG [Forwarding get on session 1a06e357124020da2a85d744e8baf2ae to remote] conn.DefaultManagedHttpClientConnection 88 - http-outgoing-0: set socket timeout to 10800000
05-25-2020 02:40:00 MainClientExec.java DEBUG [Forwarding get on session 1a06e357124020da2a85d744e8baf2ae to remote] execchain.MainClientExec 256 - Executing request POST /session/1a06e357124020da2a85d744e8baf2ae/url HTTP/1.1
05-25-2020 02:40:00 MainClientExec.java DEBUG [Forwarding get on session 1a06e357124020da2a85d744e8baf2ae to remote] execchain.MainClientExec 261 - Target auth state: UNCHALLENGED
05-25-2020 02:40:00 MainClientExec.java DEBUG [Forwarding get on session 1a06e357124020da2a85d744e8baf2ae to remote] execchain.MainClientExec 267 - Proxy auth state: UNCHALLENGED
05-25-2020 02:40:00 LoggingManagedHttpClientConnection.java DEBUG [Forwarding get on session 1a06e357124020da2a85d744e8baf2ae to remote] http.headers 133 - http-outgoing-0 >> POST /session/1a06e357124020da2a85d744e8baf2ae/url HTTP/1.1
05-25-2020 02:40:00 LoggingManagedHttpClientConnection.java DEBUG [Forwarding get on session 1a06e357124020da2a85d744e8baf2ae to remote] http.headers 136 - http-outgoing-0 >> Content-Type: application/json; charset=utf-8
05-25-2020 02:40:00 LoggingManagedHttpClientConnection.java DEBUG [Forwarding get on session 1a06e357124020da2a85d744e8baf2ae to remote] http.headers 136 - http-outgoing-0 >> Content-Length: 37
05-25-2020 02:40:00 LoggingManagedHttpClientConnection.java DEBUG [Forwarding get on session 1a06e357124020da2a85d744e8baf2ae to remote] http.headers 136 - http-outgoing-0 >> Host: localhost:22535
05-25-2020 02:40:00 LoggingManagedHttpClientConnection.java DEBUG [Forwarding get on session 1a06e357124020da2a85d744e8baf2ae to remote] http.headers 136 - http-outgoing-0 >> Connection: Keep-Alive
05-25-2020 02:40:00 LoggingManagedHttpClientConnection.java DEBUG [Forwarding get on session 1a06e357124020da2a85d744e8baf2ae to remote] http.headers 136 - http-outgoing-0 >> User-Agent: Apache-HttpClient/4.5.3 (Java/1.8.0_252)
05-25-2020 02:40:00 LoggingManagedHttpClientConnection.java DEBUG [Forwarding get on session 1a06e357124020da2a85d744e8baf2ae to remote] http.headers 136 - http-outgoing-0 >> Accept-Encoding: gzip,deflate
05-25-2020 02:40:00 Wire.java DEBUG [Forwarding get on session 1a06e357124020da2a85d744e8baf2ae to remote] http.wire 73 - http-outgoing-0 >> "POST /session/1a06e357124020da2a85d744e8baf2ae/url HTTP/1.1[\r][\n]"
05-25-2020 02:40:00 Wire.java DEBUG [Forwarding get on session 1a06e357124020da2a85d744e8baf2ae to remote] http.wire 73 - http-outgoing-0 >> "Content-Type: application/json; charset=utf-8[\r][\n]"
05-25-2020 02:40:00 Wire.java DEBUG [Forwarding get on session 1a06e357124020da2a85d744e8baf2ae to remote] http.wire 73 - http-outgoing-0 >> "Content-Length: 37[\r][\n]"
05-25-2020 02:40:00 Wire.java DEBUG [Forwarding get on session 1a06e357124020da2a85d744e8baf2ae to remote] http.wire 73 - http-outgoing-0 >> "Host: localhost:22535[\r][\n]"
05-25-2020 02:40:00 Wire.java DEBUG [Forwarding get on session 1a06e357124020da2a85d744e8baf2ae to remote] http.wire 73 - http-outgoing-0 >> "Connection: Keep-Alive[\r][\n]"
05-25-2020 02:40:00 Wire.java DEBUG [Forwarding get on session 1a06e357124020da2a85d744e8baf2ae to remote] http.wire 73 - http-outgoing-0 >> "User-Agent: Apache-HttpClient/4.5.3 (Java/1.8.0_252)[\r][\n]"
05-25-2020 02:40:00 Wire.java DEBUG [Forwarding get on session 1a06e357124020da2a85d744e8baf2ae to remote] http.wire 73 - http-outgoing-0 >> "Accept-Encoding: gzip,deflate[\r][\n]"
05-25-2020 02:40:00 Wire.java DEBUG [Forwarding get on session 1a06e357124020da2a85d744e8baf2ae to remote] http.wire 73 - http-outgoing-0 >> "[\r][\n]"
05-25-2020 02:40:00 Wire.java DEBUG [Forwarding get on session 1a06e357124020da2a85d744e8baf2ae to remote] http.wire 87 - http-outgoing-0 >> "{"url":"https://www.easemytrip.com/"}"
05-25-2020 02:40:06 Wire.java DEBUG [Forwarding get on session 1a06e357124020da2a85d744e8baf2ae to remote] http.wire 73 - http-outgoing-0 << "HTTP/1.1 200 OK[\r][\n]"
05-25-2020 02:40:06 Wire.java DEBUG [Forwarding get on session 1a06e357124020da2a85d744e8baf2ae to remote] http.wire 73 - http-outgoing-0 << "Content-Length:14[\r][\n]"
05-25-2020 02:40:06 Wire.java DEBUG [Forwarding get on session 1a06e357124020da2a85d744e8baf2ae to remote] http.wire 73 - http-outgoing-0 << "Content-Type:application/json; charset=utf-8[\r][\n]"
05-25-2020 02:40:06 Wire.java DEBUG [Forwarding get on session 1a06e357124020da2a85d744e8baf2ae to remote] http.wire 73 - http-outgoing-0 << "cache-control:no-cache[\r][\n]"
05-25-2020 02:40:06 Wire.java DEBUG [Forwarding get on session 1a06e357124020da2a85d744e8baf2ae to remote] http.wire 73 - http-outgoing-0 << "[\r][\n]"
05-25-2020 02:40:06 Wire.java DEBUG [Forwarding get on session 1a06e357124020da2a85d744e8baf2ae to remote] http.wire 87 - http-outgoing-0 << "{"value":null}"
05-25-2020 02:40:06 LoggingManagedHttpClientConnection.java DEBUG [Forwarding get on session 1a06e357124020da2a85d744e8baf2ae to remote] http.headers 122 - http-outgoing-0 << HTTP/1.1 200 OK
05-25-2020 02:40:06 LoggingManagedHttpClientConnection.java DEBUG [Forwarding get on session 1a06e357124020da2a85d744e8baf2ae to remote] http.headers 125 - http-outgoing-0 << Content-Length:14
05-25-2020 02:40:06 LoggingManagedHttpClientConnection.java DEBUG [Forwarding get on session 1a06e357124020da2a85d744e8baf2ae to remote] http.headers 125 - http-outgoing-0 << Content-Type:application/json; charset=utf-8
05-25-2020 02:40:06 LoggingManagedHttpClientConnection.java DEBUG [Forwarding get on session 1a06e357124020da2a85d744e8baf2ae to remote] http.headers 125 - http-outgoing-0 << cache-control:no-cache
05-25-2020 02:40:06 MainClientExec.java DEBUG [Forwarding get on session 1a06e357124020da2a85d744e8baf2ae to remote] execchain.MainClientExec 285 - Connection can be kept alive indefinitely
05-25-2020 02:40:06 PoolingHttpClientConnectionManager.java DEBUG [Forwarding get on session 1a06e357124020da2a85d744e8baf2ae to remote] conn.PoolingHttpClientConnectionManager 320 - Connection [id: 0][route: {}->http://localhost:22535] can be kept alive indefinitely
05-25-2020 02:40:06 PoolingHttpClientConnectionManager.java DEBUG [Forwarding get on session 1a06e357124020da2a85d744e8baf2ae to remote] conn.PoolingHttpClientConnectionManager 326 - Connection released: [id: 0][route: {}->http://localhost:22535][total kept alive: 1; route allocated: 1 of 2000; total allocated: 1 of 2000]
05-25-2020 02:40:06 TestBase.java DEBUG [main] devpinoyLogger 103 - Navigated to ==>https://www.easemytrip.com/
05-25-2020 02:40:06 RequestAddCookies.java DEBUG [Forwarding maximizeCurrentWindow on session 1a06e357124020da2a85d744e8baf2ae to remote] protocol.RequestAddCookies 123 - CookieSpec selected: default
05-25-2020 02:40:06 RequestAuthCache.java DEBUG [Forwarding maximizeCurrentWindow on session 1a06e357124020da2a85d744e8baf2ae to remote] protocol.RequestAuthCache 77 - Auth cache not set in the context
05-25-2020 02:40:06 PoolingHttpClientConnectionManager.java DEBUG [Forwarding maximizeCurrentWindow on session 1a06e357124020da2a85d744e8baf2ae to remote] conn.PoolingHttpClientConnectionManager 255 - Connection request: [route: {}->http://localhost:22535][total kept alive: 1; route allocated: 1 of 2000; total allocated: 1 of 2000]
05-25-2020 02:40:06 PoolingHttpClientConnectionManager.java DEBUG [Forwarding maximizeCurrentWindow on session 1a06e357124020da2a85d744e8baf2ae to remote] conn.PoolingHttpClientConnectionManager 288 - Connection leased: [id: 0][route: {}->http://localhost:22535][total kept alive: 0; route allocated: 1 of 2000; total allocated: 1 of 2000]
05-25-2020 02:40:06 MainClientExec.java DEBUG [Forwarding maximizeCurrentWindow on session 1a06e357124020da2a85d744e8baf2ae to remote] execchain.MainClientExec 208 - Stale connection check
05-25-2020 02:40:06 Wire.java DEBUG [Forwarding maximizeCurrentWindow on session 1a06e357124020da2a85d744e8baf2ae to remote] http.wire 87 - http-outgoing-0 << "[read] I/O error: Read timed out"
05-25-2020 02:40:06 LoggingManagedHttpClientConnection.java DEBUG [Forwarding maximizeCurrentWindow on session 1a06e357124020da2a85d744e8baf2ae to remote] conn.DefaultManagedHttpClientConnection 88 - http-outgoing-0: set socket timeout to 10800000
05-25-2020 02:40:06 MainClientExec.java DEBUG [Forwarding maximizeCurrentWindow on session 1a06e357124020da2a85d744e8baf2ae to remote] execchain.MainClientExec 256 - Executing request POST /session/1a06e357124020da2a85d744e8baf2ae/window/maximize HTTP/1.1
05-25-2020 02:40:06 MainClientExec.java DEBUG [Forwarding maximizeCurrentWindow on session 1a06e357124020da2a85d744e8baf2ae to remote] execchain.MainClientExec 261 - Target auth state: UNCHALLENGED
05-25-2020 02:40:06 MainClientExec.java DEBUG [Forwarding maximizeCurrentWindow on session 1a06e357124020da2a85d744e8baf2ae to remote] execchain.MainClientExec 267 - Proxy auth state: UNCHALLENGED
05-25-2020 02:40:06 LoggingManagedHttpClientConnection.java DEBUG [Forwarding maximizeCurrentWindow on session 1a06e357124020da2a85d744e8baf2ae to remote] http.headers 133 - http-outgoing-0 >> POST /session/1a06e357124020da2a85d744e8baf2ae/window/maximize HTTP/1.1
05-25-2020 02:40:06 LoggingManagedHttpClientConnection.java DEBUG [Forwarding maximizeCurrentWindow on session 1a06e357124020da2a85d744e8baf2ae to remote] http.headers 136 - http-outgoing-0 >> Content-Type: application/json; charset=utf-8
05-25-2020 02:40:06 LoggingManagedHttpClientConnection.java DEBUG [Forwarding maximizeCurrentWindow on session 1a06e357124020da2a85d744e8baf2ae to remote] http.headers 136 - http-outgoing-0 >> Content-Length: 2
05-25-2020 02:40:06 LoggingManagedHttpClientConnection.java DEBUG [Forwarding maximizeCurrentWindow on session 1a06e357124020da2a85d744e8baf2ae to remote] http.headers 136 - http-outgoing-0 >> Host: localhost:22535
05-25-2020 02:40:06 LoggingManagedHttpClientConnection.java DEBUG [Forwarding maximizeCurrentWindow on session 1a06e357124020da2a85d744e8baf2ae to remote] http.headers 136 - http-outgoing-0 >> Connection: Keep-Alive
05-25-2020 02:40:06 LoggingManagedHttpClientConnection.java DEBUG [Forwarding maximizeCurrentWindow on session 1a06e357124020da2a85d744e8baf2ae to remote] http.headers 136 - http-outgoing-0 >> User-Agent: Apache-HttpClient/4.5.3 (Java/1.8.0_252)
05-25-2020 02:40:06 LoggingManagedHttpClientConnection.java DEBUG [Forwarding maximizeCurrentWindow on session 1a06e357124020da2a85d744e8baf2ae to remote] http.headers 136 - http-outgoing-0 >> Accept-Encoding: gzip,deflate
05-25-2020 02:40:06 Wire.java DEBUG [Forwarding maximizeCurrentWindow on session 1a06e357124020da2a85d744e8baf2ae to remote] http.wire 73 - http-outgoing-0 >> "POST /session/1a06e357124020da2a85d744e8baf2ae/window/maximize HTTP/1.1[\r][\n]"
05-25-2020 02:40:06 Wire.java DEBUG [Forwarding maximizeCurrentWindow on session 1a06e357124020da2a85d744e8baf2ae to remote] http.wire 73 - http-outgoing-0 >> "Content-Type: application/json; charset=utf-8[\r][\n]"
05-25-2020 02:40:06 Wire.java DEBUG [Forwarding maximizeCurrentWindow on session 1a06e357124020da2a85d744e8baf2ae to remote] http.wire 73 - http-outgoing-0 >> "Content-Length: 2[\r][\n]"
05-25-2020 02:40:06 Wire.java DEBUG [Forwarding maximizeCurrentWindow on session 1a06e357124020da2a85d744e8baf2ae to remote] http.wire 73 - http-outgoing-0 >> "Host: localhost:22535[\r][\n]"
05-25-2020 02:40:06 Wire.java DEBUG [Forwarding maximizeCurrentWindow on session 1a06e357124020da2a85d744e8baf2ae to remote] http.wire 73 - http-outgoing-0 >> "Connection: Keep-Alive[\r][\n]"
05-25-2020 02:40:06 Wire.java DEBUG [Forwarding maximizeCurrentWindow on session 1a06e357124020da2a85d744e8baf2ae to remote] http.wire 73 - http-outgoing-0 >> "User-Agent: Apache-HttpClient/4.5.3 (Java/1.8.0_252)[\r][\n]"
05-25-2020 02:40:06 Wire.java DEBUG [Forwarding maximizeCurrentWindow on session 1a06e357124020da2a85d744e8baf2ae to remote] http.wire 73 - http-outgoing-0 >> "Accept-Encoding: gzip,deflate[\r][\n]"
05-25-2020 02:40:06 Wire.java DEBUG [Forwarding maximizeCurrentWindow on session 1a06e357124020da2a85d744e8baf2ae to remote] http.wire 73 - http-outgoing-0 >> "[\r][\n]"
05-25-2020 02:40:06 Wire.java DEBUG [Forwarding maximizeCurrentWindow on session 1a06e357124020da2a85d744e8baf2ae to remote] http.wire 87 - http-outgoing-0 >> "{}"
05-25-2020 02:40:06 Wire.java DEBUG [Forwarding maximizeCurrentWindow on session 1a06e357124020da2a85d744e8baf2ae to remote] http.wire 73 - http-outgoing-0 << "HTTP/1.1 200 OK[\r][\n]"
05-25-2020 02:40:06 Wire.java DEBUG [Forwarding maximizeCurrentWindow on session 1a06e357124020da2a85d744e8baf2ae to remote] http.wire 73 - http-outgoing-0 << "Content-Length:51[\r][\n]"
05-25-2020 02:40:06 Wire.java DEBUG [Forwarding maximizeCurrentWindow on session 1a06e357124020da2a85d744e8baf2ae to remote] http.wire 73 - http-outgoing-0 << "Content-Type:application/json; charset=utf-8[\r][\n]"
05-25-2020 02:40:06 Wire.java DEBUG [Forwarding maximizeCurrentWindow on session 1a06e357124020da2a85d744e8baf2ae to remote] http.wire 73 - http-outgoing-0 << "cache-control:no-cache[\r][\n]"
05-25-2020 02:40:06 Wire.java DEBUG [Forwarding maximizeCurrentWindow on session 1a06e357124020da2a85d744e8baf2ae to remote] http.wire 73 - http-outgoing-0 << "[\r][\n]"
05-25-2020 02:40:06 Wire.java DEBUG [Forwarding maximizeCurrentWindow on session 1a06e357124020da2a85d744e8baf2ae to remote] http.wire 87 - http-outgoing-0 << "{"value":{"height":744,"width":1301,"x":65,"y":24}}"
05-25-2020 02:40:06 LoggingManagedHttpClientConnection.java DEBUG [Forwarding maximizeCurrentWindow on session 1a06e357124020da2a85d744e8baf2ae to remote] http.headers 122 - http-outgoing-0 << HTTP/1.1 200 OK
05-25-2020 02:40:06 LoggingManagedHttpClientConnection.java DEBUG [Forwarding maximizeCurrentWindow on session 1a06e357124020da2a85d744e8baf2ae to remote] http.headers 125 - http-outgoing-0 << Content-Length:51
05-25-2020 02:40:06 LoggingManagedHttpClientConnection.java DEBUG [Forwarding maximizeCurrentWindow on session 1a06e357124020da2a85d744e8baf2ae to remote] http.headers 125 - http-outgoing-0 << Content-Type:application/json; charset=utf-8
05-25-2020 02:40:06 LoggingManagedHttpClientConnection.java DEBUG [Forwarding maximizeCurrentWindow on session 1a06e357124020da2a85d744e8baf2ae to remote] http.headers 125 - http-outgoing-0 << cache-control:no-cache
05-25-2020 02:40:06 MainClientExec.java DEBUG [Forwarding maximizeCurrentWindow on session 1a06e357124020da2a85d744e8baf2ae to remote] execchain.MainClientExec 285 - Connection can be kept alive indefinitely
05-25-2020 02:40:06 PoolingHttpClientConnectionManager.java DEBUG [Forwarding maximizeCurrentWindow on session 1a06e357124020da2a85d744e8baf2ae to remote] conn.PoolingHttpClientConnectionManager 320 - Connection [id: 0][route: {}->http://localhost:22535] can be kept alive indefinitely
05-25-2020 02:40:06 PoolingHttpClientConnectionManager.java DEBUG [Forwarding maximizeCurrentWindow on session 1a06e357124020da2a85d744e8baf2ae to remote] conn.PoolingHttpClientConnectionManager 326 - Connection released: [id: 0][route: {}->http://localhost:22535][total kept alive: 1; route allocated: 1 of 2000; total allocated: 1 of 2000]
05-25-2020 02:40:06 RequestAddCookies.java DEBUG [Forwarding setTimeout on session 1a06e357124020da2a85d744e8baf2ae to remote] protocol.RequestAddCookies 123 - CookieSpec selected: default
05-25-2020 02:40:06 RequestAuthCache.java DEBUG [Forwarding setTimeout on session 1a06e357124020da2a85d744e8baf2ae to remote] protocol.RequestAuthCache 77 - Auth cache not set in the context
05-25-2020 02:40:06 PoolingHttpClientConnectionManager.java DEBUG [Forwarding setTimeout on session 1a06e357124020da2a85d744e8baf2ae to remote] conn.PoolingHttpClientConnectionManager 255 - Connection request: [route: {}->http://localhost:22535][total kept alive: 1; route allocated: 1 of 2000; total allocated: 1 of 2000]
05-25-2020 02:40:06 PoolingHttpClientConnectionManager.java DEBUG [Forwarding setTimeout on session 1a06e357124020da2a85d744e8baf2ae to remote] conn.PoolingHttpClientConnectionManager 288 - Connection leased: [id: 0][route: {}->http://localhost:22535][total kept alive: 0; route allocated: 1 of 2000; total allocated: 1 of 2000]
05-25-2020 02:40:06 MainClientExec.java DEBUG [Forwarding setTimeout on session 1a06e357124020da2a85d744e8baf2ae to remote] execchain.MainClientExec 208 - Stale connection check
05-25-2020 02:40:06 Wire.java DEBUG [Forwarding setTimeout on session 1a06e357124020da2a85d744e8baf2ae to remote] http.wire 87 - http-outgoing-0 << "[read] I/O error: Read timed out"
05-25-2020 02:40:06 LoggingManagedHttpClientConnection.java DEBUG [Forwarding setTimeout on session 1a06e357124020da2a85d744e8baf2ae to remote] conn.DefaultManagedHttpClientConnection 88 - http-outgoing-0: set socket timeout to 10800000
05-25-2020 02:40:06 MainClientExec.java DEBUG [Forwarding setTimeout on session 1a06e357124020da2a85d744e8baf2ae to remote] execchain.MainClientExec 256 - Executing request POST /session/1a06e357124020da2a85d744e8baf2ae/timeouts HTTP/1.1
05-25-2020 02:40:06 MainClientExec.java DEBUG [Forwarding setTimeout on session 1a06e357124020da2a85d744e8baf2ae to remote] execchain.MainClientExec 261 - Target auth state: UNCHALLENGED
05-25-2020 02:40:06 MainClientExec.java DEBUG [Forwarding setTimeout on session 1a06e357124020da2a85d744e8baf2ae to remote] execchain.MainClientExec 267 - Proxy auth state: UNCHALLENGED
05-25-2020 02:40:06 LoggingManagedHttpClientConnection.java DEBUG [Forwarding setTimeout on session 1a06e357124020da2a85d744e8baf2ae to remote] http.headers 133 - http-outgoing-0 >> POST /session/1a06e357124020da2a85d744e8baf2ae/timeouts HTTP/1.1
05-25-2020 02:40:06 LoggingManagedHttpClientConnection.java DEBUG [Forwarding setTimeout on session 1a06e357124020da2a85d744e8baf2ae to remote] http.headers 136 - http-outgoing-0 >> Content-Type: application/json; charset=utf-8
05-25-2020 02:40:06 LoggingManagedHttpClientConnection.java DEBUG [Forwarding setTimeout on session 1a06e357124020da2a85d744e8baf2ae to remote] http.headers 136 - http-outgoing-0 >> Content-Length: 18
05-25-2020 02:40:06 LoggingManagedHttpClientConnection.java DEBUG [Forwarding setTimeout on session 1a06e357124020da2a85d744e8baf2ae to remote] http.headers 136 - http-outgoing-0 >> Host: localhost:22535
05-25-2020 02:40:06 LoggingManagedHttpClientConnection.java DEBUG [Forwarding setTimeout on session 1a06e357124020da2a85d744e8baf2ae to remote] http.headers 136 - http-outgoing-0 >> Connection: Keep-Alive
05-25-2020 02:40:06 LoggingManagedHttpClientConnection.java DEBUG [Forwarding setTimeout on session 1a06e357124020da2a85d744e8baf2ae to remote] http.headers 136 - http-outgoing-0 >> User-Agent: Apache-HttpClient/4.5.3 (Java/1.8.0_252)
05-25-2020 02:40:06 LoggingManagedHttpClientConnection.java DEBUG [Forwarding setTimeout on session 1a06e357124020da2a85d744e8baf2ae to remote] http.headers 136 - http-outgoing-0 >> Accept-Encoding: gzip,deflate
05-25-2020 02:40:06 Wire.java DEBUG [Forwarding setTimeout on session 1a06e357124020da2a85d744e8baf2ae to remote] http.wire 73 - http-outgoing-0 >> "POST /session/1a06e357124020da2a85d744e8baf2ae/timeouts HTTP/1.1[\r][\n]"
05-25-2020 02:40:06 Wire.java DEBUG [Forwarding setTimeout on session 1a06e357124020da2a85d744e8baf2ae to remote] http.wire 73 - http-outgoing-0 >> "Content-Type: application/json; charset=utf-8[\r][\n]"
05-25-2020 02:40:06 Wire.java DEBUG [Forwarding setTimeout on session 1a06e357124020da2a85d744e8baf2ae to remote] http.wire 73 - http-outgoing-0 >> "Content-Length: 18[\r][\n]"
05-25-2020 02:40:06 Wire.java DEBUG [Forwarding setTimeout on session 1a06e357124020da2a85d744e8baf2ae to remote] http.wire 73 - http-outgoing-0 >> "Host: localhost:22535[\r][\n]"
05-25-2020 02:40:06 Wire.java DEBUG [Forwarding setTimeout on session 1a06e357124020da2a85d744e8baf2ae to remote] http.wire 73 - http-outgoing-0 >> "Connection: Keep-Alive[\r][\n]"
05-25-2020 02:40:06 Wire.java DEBUG [Forwarding setTimeout on session 1a06e357124020da2a85d744e8baf2ae to remote] http.wire 73 - http-outgoing-0 >> "User-Agent: Apache-HttpClient/4.5.3 (Java/1.8.0_252)[\r][\n]"
05-25-2020 02:40:06 Wire.java DEBUG [Forwarding setTimeout on session 1a06e357124020da2a85d744e8baf2ae to remote] http.wire 73 - http-outgoing-0 >> "Accept-Encoding: gzip,deflate[\r][\n]"
05-25-2020 02:40:06 Wire.java DEBUG [Forwarding setTimeout on session 1a06e357124020da2a85d744e8baf2ae to remote] http.wire 73 - http-outgoing-0 >> "[\r][\n]"
05-25-2020 02:40:06 Wire.java DEBUG [Forwarding setTimeout on session 1a06e357124020da2a85d744e8baf2ae to remote] http.wire 87 - http-outgoing-0 >> "{"implicit":20000}"
05-25-2020 02:40:06 Wire.java DEBUG [Forwarding setTimeout on session 1a06e357124020da2a85d744e8baf2ae to remote] http.wire 73 - http-outgoing-0 << "HTTP/1.1 200 OK[\r][\n]"
05-25-2020 02:40:06 Wire.java DEBUG [Forwarding setTimeout on session 1a06e357124020da2a85d744e8baf2ae to remote] http.wire 73 - http-outgoing-0 << "Content-Length:14[\r][\n]"
05-25-2020 02:40:06 Wire.java DEBUG [Forwarding setTimeout on session 1a06e357124020da2a85d744e8baf2ae to remote] http.wire 73 - http-outgoing-0 << "Content-Type:application/json; charset=utf-8[\r][\n]"
05-25-2020 02:40:06 Wire.java DEBUG [Forwarding setTimeout on session 1a06e357124020da2a85d744e8baf2ae to remote] http.wire 73 - http-outgoing-0 << "cache-control:no-cache[\r][\n]"
05-25-2020 02:40:06 Wire.java DEBUG [Forwarding setTimeout on session 1a06e357124020da2a85d744e8baf2ae to remote] http.wire 73 - http-outgoing-0 << "[\r][\n]"
05-25-2020 02:40:06 Wire.java DEBUG [Forwarding setTimeout on session 1a06e357124020da2a85d744e8baf2ae to remote] http.wire 87 - http-outgoing-0 << "{"value":null}"
05-25-2020 02:40:06 LoggingManagedHttpClientConnection.java DEBUG [Forwarding setTimeout on session 1a06e357124020da2a85d744e8baf2ae to remote] http.headers 122 - http-outgoing-0 << HTTP/1.1 200 OK
05-25-2020 02:40:06 LoggingManagedHttpClientConnection.java DEBUG [Forwarding setTimeout on session 1a06e357124020da2a85d744e8baf2ae to remote] http.headers 125 - http-outgoing-0 << Content-Length:14
05-25-2020 02:40:06 LoggingManagedHttpClientConnection.java DEBUG [Forwarding setTimeout on session 1a06e357124020da2a85d744e8baf2ae to remote] http.headers 125 - http-outgoing-0 << Content-Type:application/json; charset=utf-8
05-25-2020 02:40:06 LoggingManagedHttpClientConnection.java DEBUG [Forwarding setTimeout on session 1a06e357124020da2a85d744e8baf2ae to remote] http.headers 125 - http-outgoing-0 << cache-control:no-cache
05-25-2020 02:40:06 MainClientExec.java DEBUG [Forwarding setTimeout on session 1a06e357124020da2a85d744e8baf2ae to remote] execchain.MainClientExec 285 - Connection can be kept alive indefinitely
05-25-2020 02:40:06 PoolingHttpClientConnectionManager.java DEBUG [Forwarding setTimeout on session 1a06e357124020da2a85d744e8baf2ae to remote] conn.PoolingHttpClientConnectionManager 320 - Connection [id: 0][route: {}->http://localhost:22535] can be kept alive indefinitely
05-25-2020 02:40:06 PoolingHttpClientConnectionManager.java DEBUG [Forwarding setTimeout on session 1a06e357124020da2a85d744e8baf2ae to remote] conn.PoolingHttpClientConnectionManager 326 - Connection released: [id: 0][route: {}->http://localhost:22535][total kept alive: 1; route allocated: 1 of 2000; total allocated: 1 of 2000]
]]></system-out>
    <system-err><![CDATA[Starting ChromeDriver 81.0.4044.69 (6813546031a4bc83f717a2ef7cd4ac6ec1199132-refs/branch-heads/4044@{#776}) on port 22535
Only local connections are allowed.
Please protect ports used by ChromeDriver and related test frameworks to prevent access by malicious code.
May 25, 2020 2:40:00 AM org.openqa.selenium.remote.ProtocolHandshake createSession
INFO: Detected dialect: W3C
[1590354602.799][SEVERE]: Timed out receiving message from renderer: 0.100
[1590354602.902][SEVERE]: Timed out receiving message from renderer: 0.100
[1590354603.006][SEVERE]: Timed out receiving message from renderer: 0.100
[1590354603.112][SEVERE]: Timed out receiving message from renderer: 0.100
[1590354603.215][SEVERE]: Timed out receiving message from renderer: 0.100
[1590354603.318][SEVERE]: Timed out receiving message from renderer: 0.100
[1590354603.421][SEVERE]: Timed out receiving message from renderer: 0.100
[1590354603.559][SEVERE]: Timed out receiving message from renderer: 0.100
[1590354603.661][SEVERE]: Timed out receiving message from renderer: 0.100
[1590354603.765][SEVERE]: Timed out receiving message from renderer: 0.100
[1590354603.868][SEVERE]: Timed out receiving message from renderer: 0.100
[1590354603.970][SEVERE]: Timed out receiving message from renderer: 0.100
[1590354604.071][SEVERE]: Timed out receiving message from renderer: 0.100
[1590354604.173][SEVERE]: Timed out receiving message from renderer: 0.100
[1590354604.275][SEVERE]: Timed out receiving message from renderer: 0.100
[1590354604.449][SEVERE]: Timed out receiving message from renderer: 0.100
[1590354605.071][SEVERE]: Timed out receiving message from renderer: 0.100
[1590354605.176][SEVERE]: Timed out receiving message from renderer: 0.100
[1590354605.279][SEVERE]: Timed out receiving message from renderer: 0.100
[1590354605.392][SEVERE]: Timed out receiving message from renderer: 0.100
[1590354605.493][SEVERE]: Timed out receiving message from renderer: 0.100
[1590354605.594][SEVERE]: Timed out receiving message from renderer: 0.100
[1590354605.696][SEVERE]: Timed out receiving message from renderer: 0.100
[1590354605.805][SEVERE]: Timed out receiving message from renderer: 0.100
[1590354605.955][SEVERE]: Timed out receiving message from renderer: 0.100
[1590354606.058][SEVERE]: Timed out receiving message from renderer: 0.100
[1590354606.212][SEVERE]: Timed out receiving message from renderer: 0.100
[1590354606.314][SEVERE]: Timed out receiving message from renderer: 0.100
[1590354606.418][SEVERE]: Timed out receiving message from renderer: 0.100
[1590354606.608][SEVERE]: Timed out receiving message from renderer: 0.100
[1590354606.712][SEVERE]: Timed out receiving message from renderer: 0.100
]]></system-err>
  </testcase>
  <testcase name="bus" classname="com.CN.testcases.Bus" time="1.917"/>
  <testcase name="cab" classname="com.CN.testcases.Cab" time="3.021"/>
</testsuite>