<?xml version="1.0" encoding="UTF-8"?>
<!-- Generated by org.testng.reporters.JUnitReportReporter -->
<testsuite skipped="0" hostname="kmaster" name="com.CN.testcases.Bus" tests="1" failures="0" timestamp="2020-05-12T02:15:44 IST" time="1.401" errors="0">
  <testcase name="bus" time="1.401" classname="com.CN.testcases.Bus"/>
  <system-out>
<a target="_blank" href=/home/anurag/eclipse-workspace/dataDriven/screenshot/bus/12_05_20_02_15_40_AM.png>Screenshot</a> Test script passed  capturing screenshot  </system-out>
</testsuite> <!-- com.CN.testcases.Bus -->
