<?xml version="1.0" encoding="UTF-8"?>
<!-- Generated by org.testng.reporters.JUnitReportReporter -->
<testsuite skipped="0" hostname="kmaster" name="com.CN.testcases.Hotel" tests="1" failures="0" timestamp="2020-05-10T14:02:57 IST" time="2.122" errors="0">
  <testcase name="userLogin" time="2.122" classname="com.CN.testcases.Hotel"/>
  <system-out>
<a target="_blank" href=/home/anurag/eclipse-workspace/dataDriven/screenshot/userLogin/10_05_20_14_02_32_PM.png>Screenshot</a> Test script passed  capturing screenshot  </system-out>
</testsuite> <!-- com.CN.testcases.Hotel -->
