<?xml version="1.0" encoding="UTF-8"?>
<!-- Generated by org.testng.reporters.JUnitReportReporter -->
<testsuite skipped="0" hostname="kmaster" name="com.CN.testcases.Login" tests="1" failures="0" timestamp="2020-05-06T16:47:26 IST" time="0.917" errors="0">
  <testcase name="userLogin" time="0.917" classname="com.CN.testcases.Login"/>
  <system-out/>
</testsuite> <!-- com.CN.testcases.Login -->
