<?xml version="1.0" encoding="UTF-8"?>
<!-- Generated by org.testng.reporters.JUnitReportReporter -->
<testsuite skipped="0" hostname="kmaster" name="com.CN.testcases.Bus" tests="1" failures="0" timestamp="2020-05-10T01:40:30 IST" time="2.073" errors="0">
  <testcase name="testBus" time="2.073" classname="com.CN.testcases.Bus"/>
  <system-out/>
</testsuite> <!-- com.CN.testcases.Bus -->
