<?xml version="1.0" encoding="UTF-8"?>
<!-- Generated by org.testng.reporters.JUnitReportReporter -->
<testsuite skipped="1" hostname="kmaster" name="com.CN.testcases.CABS" tests="1" failures="0" timestamp="2020-05-12T01:54:09 IST" time="0.000" errors="0">
  <testcase name="testCabs" time="0.000" classname="com.CN.testcases.CABS">
    <skipped/>
  </testcase> <!-- testCabs -->
  <system-out/>
</testsuite> <!-- com.CN.testcases.CABS -->
