<?xml version="1.0" encoding="UTF-8"?>
<!-- Generated by org.testng.reporters.JUnitReportReporter -->
<testsuite skipped="0" hostname="kmaster" name="com.CN.rough.TestNGParameterizationExcel" tests="3" failures="0" timestamp="2020-05-28T12:51:51 IST" time="0.009" errors="0">
  <testcase name="testData" time="0.007" classname="com.CN.rough.TestNGParameterizationExcel"/>
  <system-out/>
  <testcase name="testData" time="0.001" classname="com.CN.rough.TestNGParameterizationExcel"/>
  <system-out/>
  <testcase name="testData" time="0.001" classname="com.CN.rough.TestNGParameterizationExcel"/>
  <system-out/>
</testsuite> <!-- com.CN.rough.TestNGParameterizationExcel -->
