<?xml version="1.0" encoding="UTF-8"?>
<!-- Generated by org.testng.reporters.JUnitReportReporter -->
<testsuite skipped="0" hostname="kmaster" name="com.CN.testcases.Cab" tests="1" failures="0" timestamp="2020-06-25T17:15:12 IST" time="3.578" errors="0">
  <testcase name="cab" time="3.578" classname="com.CN.testcases.Cab"/>
  <system-out>
<a target="_blank" href=/home/anurag/eclipse-workspace/dataDriven/screenshot/cab/25_06_20_17_15_09_PM.png>Screenshot</a> Test script passed  capturing screenshot  </system-out>
</testsuite> <!-- com.CN.testcases.Cab -->
