<?xml version="1.0" encoding="UTF-8"?>
<!-- Generated by org.testng.reporters.JUnitReportReporter -->
<testsuite skipped="1" hostname="kmaster" name="com.CN.testcases.Hotel" tests="1" failures="0" timestamp="2020-05-14T16:08:31 IST" time="0.061" errors="0">
  <testcase name="hotel" time="0.061" classname="com.CN.testcases.Hotel">
    <skipped/>
  </testcase> <!-- hotel -->
  <system-out/>
</testsuite> <!-- com.CN.testcases.Hotel -->
