<?xml version="1.0" encoding="UTF-8"?>
<!-- Generated by org.testng.reporters.JUnitReportReporter -->
<testsuite skipped="1" hostname="DESKTOP-4IBV3FS" name="com.CN.testcases.Hotel" tests="1" failures="0" timestamp="2021-08-28T01:17:23 IST" time="0.000" errors="0">
  <testcase name="hotel" time="0.000" classname="com.CN.testcases.Hotel">
    <skipped/>
  </testcase> <!-- hotel -->
  <system-out/>
</testsuite> <!-- com.CN.testcases.Hotel -->
