<?xml version="1.0" encoding="UTF-8"?>
<!-- Generated by org.testng.reporters.JUnitReportReporter -->
<testsuite skipped="0" hostname="kmaster" name="com.CN.testcases.Cab" tests="1" failures="0" timestamp="2020-05-12T03:32:02 IST" time="3.126" errors="0">
  <testcase name="cab" time="3.126" classname="com.CN.testcases.Cab"/>
  <system-out>
<a target="_blank" href=/home/anurag/eclipse-workspace/dataDriven/screenshot/cab/12_05_20_03_32_01_AM.png>Screenshot</a> Test script passed  capturing screenshot  </system-out>
</testsuite> <!-- com.CN.testcases.Cab -->
