<?xml version="1.0" encoding="UTF-8"?>
<!-- Generated by org.testng.reporters.JUnitReportReporter -->
<testsuite skipped="0" hostname="kmaster" name="com.CN.testcases.Cab" tests="1" failures="0" timestamp="2020-05-14T16:08:31 IST" time="8.531" errors="0">
  <testcase name="cab" time="8.531" classname="com.CN.testcases.Cab"/>
  <system-out>
<a target="_blank" href=/home/anurag/eclipse-workspace/dataDriven/screenshot/cab/14_05_20_16_08_31_PM.png>Screenshot</a> Test script passed  capturing screenshot  </system-out>
</testsuite> <!-- com.CN.testcases.Cab -->
