<?xml version="1.0" encoding="UTF-8"?>
<!-- Generated by org.testng.reporters.JUnitReportReporter -->
<testsuite skipped="0" hostname="kmaster" name="com.CN.testcases.Hotel" tests="1" failures="0" timestamp="2020-05-12T03:32:02 IST" time="1.261" errors="0">
  <testcase name="userLogin" time="1.261" classname="com.CN.testcases.Hotel"/>
  <system-out>
<a target="_blank" href=/home/anurag/eclipse-workspace/dataDriven/screenshot/userLogin/12_05_20_03_31_54_AM.png>Screenshot</a> Test script passed  capturing screenshot  </system-out>
</testsuite> <!-- com.CN.testcases.Hotel -->
