<?xml version="1.0" encoding="UTF-8"?>
<!-- Generated by org.testng.reporters.JUnitReportReporter -->
<testsuite skipped="0" hostname="kmaster" name="com.CN.testcases.Bus" tests="1" failures="0" timestamp="2020-05-14T16:08:31 IST" time="3.576" errors="0">
  <testcase name="bus" time="3.576" classname="com.CN.testcases.Bus"/>
  <system-out>
<a target="_blank" href=/home/anurag/eclipse-workspace/dataDriven/screenshot/bus/14_05_20_16_08_22_PM.png>Screenshot</a> Test script passed  capturing screenshot  </system-out>
</testsuite> <!-- com.CN.testcases.Bus -->
